ReferenceError: wapp is not defined
    at Object.<anonymous> (/root/apps/Xreacher/backend-api/index.js:36:1)
    at Module._compile (node:internal/modules/cjs/loader:1376:14)
    at Module._extensions..js (node:internal/modules/cjs/loader:1435:10)
    at Module.load (node:internal/modules/cjs/loader:1207:32)
    at Module._load (node:internal/modules/cjs/loader:1023:12)
    at /usr/local/lib/node_modules/pm2/lib/ProcessContainer.js:304:25
    at wrapper (/usr/local/lib/node_modules/pm2/node_modules/async/internal/once.js:12:16)
    at next (/usr/local/lib/node_modules/pm2/node_modules/async/waterfall.js:96:20)
    at /usr/local/lib/node_modules/pm2/node_modules/async/internal/onlyOnce.js:12:16
    at WriteStream.<anonymous> (/usr/local/lib/node_modules/pm2/lib/Utility.js:186:13)
ReferenceError: wapp is not defined
    at Object.<anonymous> (/root/apps/Xreacher/backend-api/index.js:36:1)
    at Module._compile (node:internal/modules/cjs/loader:1376:14)
    at Module._extensions..js (node:internal/modules/cjs/loader:1435:10)
    at Module.load (node:internal/modules/cjs/loader:1207:32)
    at Module._load (node:internal/modules/cjs/loader:1023:12)
    at /usr/local/lib/node_modules/pm2/lib/ProcessContainer.js:304:25
    at wrapper (/usr/local/lib/node_modules/pm2/node_modules/async/internal/once.js:12:16)
    at next (/usr/local/lib/node_modules/pm2/node_modules/async/waterfall.js:96:20)
    at /usr/local/lib/node_modules/pm2/node_modules/async/internal/onlyOnce.js:12:16
    at WriteStream.<anonymous> (/usr/local/lib/node_modules/pm2/lib/Utility.js:186:13)
ReferenceError: wapp is not defined
    at Object.<anonymous> (/root/apps/Xreacher/backend-api/index.js:36:1)
    at Module._compile (node:internal/modules/cjs/loader:1376:14)
    at Module._extensions..js (node:internal/modules/cjs/loader:1435:10)
    at Module.load (node:internal/modules/cjs/loader:1207:32)
    at Module._load (node:internal/modules/cjs/loader:1023:12)
    at /usr/local/lib/node_modules/pm2/lib/ProcessContainer.js:304:25
    at wrapper (/usr/local/lib/node_modules/pm2/node_modules/async/internal/once.js:12:16)
    at next (/usr/local/lib/node_modules/pm2/node_modules/async/waterfall.js:96:20)
    at /usr/local/lib/node_modules/pm2/node_modules/async/internal/onlyOnce.js:12:16
    at WriteStream.<anonymous> (/usr/local/lib/node_modules/pm2/lib/Utility.js:186:13)
ReferenceError: wapp is not defined
    at Object.<anonymous> (/root/apps/Xreacher/backend-api/index.js:36:1)
    at Module._compile (node:internal/modules/cjs/loader:1376:14)
    at Module._extensions..js (node:internal/modules/cjs/loader:1435:10)
    at Module.load (node:internal/modules/cjs/loader:1207:32)
    at Module._load (node:internal/modules/cjs/loader:1023:12)
    at /usr/local/lib/node_modules/pm2/lib/ProcessContainer.js:304:25
    at wrapper (/usr/local/lib/node_modules/pm2/node_modules/async/internal/once.js:12:16)
    at next (/usr/local/lib/node_modules/pm2/node_modules/async/waterfall.js:96:20)
    at /usr/local/lib/node_modules/pm2/node_modules/async/internal/onlyOnce.js:12:16
    at WriteStream.<anonymous> (/usr/local/lib/node_modules/pm2/lib/Utility.js:186:13)
ReferenceError: wapp is not defined
    at Object.<anonymous> (/root/apps/Xreacher/backend-api/index.js:36:1)
    at Module._compile (node:internal/modules/cjs/loader:1376:14)
    at Module._extensions..js (node:internal/modules/cjs/loader:1435:10)
    at Module.load (node:internal/modules/cjs/loader:1207:32)
    at Module._load (node:internal/modules/cjs/loader:1023:12)
    at /usr/local/lib/node_modules/pm2/lib/ProcessContainer.js:304:25
    at wrapper (/usr/local/lib/node_modules/pm2/node_modules/async/internal/once.js:12:16)
    at next (/usr/local/lib/node_modules/pm2/node_modules/async/waterfall.js:96:20)
    at /usr/local/lib/node_modules/pm2/node_modules/async/internal/onlyOnce.js:12:16
    at WriteStream.<anonymous> (/usr/local/lib/node_modules/pm2/lib/Utility.js:186:13)
ReferenceError: wapp is not defined
    at Object.<anonymous> (/root/apps/Xreacher/backend-api/index.js:36:1)
    at Module._compile (node:internal/modules/cjs/loader:1376:14)
    at Module._extensions..js (node:internal/modules/cjs/loader:1435:10)
    at Module.load (node:internal/modules/cjs/loader:1207:32)
    at Module._load (node:internal/modules/cjs/loader:1023:12)
    at /usr/local/lib/node_modules/pm2/lib/ProcessContainer.js:304:25
    at wrapper (/usr/local/lib/node_modules/pm2/node_modules/async/internal/once.js:12:16)
    at next (/usr/local/lib/node_modules/pm2/node_modules/async/waterfall.js:96:20)
    at /usr/local/lib/node_modules/pm2/node_modules/async/internal/onlyOnce.js:12:16
    at WriteStream.<anonymous> (/usr/local/lib/node_modules/pm2/lib/Utility.js:186:13)
ReferenceError: wapp is not defined
    at Object.<anonymous> (/root/apps/Xreacher/backend-api/index.js:36:1)
    at Module._compile (node:internal/modules/cjs/loader:1376:14)
    at Module._extensions..js (node:internal/modules/cjs/loader:1435:10)
    at Module.load (node:internal/modules/cjs/loader:1207:32)
    at Module._load (node:internal/modules/cjs/loader:1023:12)
    at /usr/local/lib/node_modules/pm2/lib/ProcessContainer.js:304:25
    at wrapper (/usr/local/lib/node_modules/pm2/node_modules/async/internal/once.js:12:16)
    at next (/usr/local/lib/node_modules/pm2/node_modules/async/waterfall.js:96:20)
    at /usr/local/lib/node_modules/pm2/node_modules/async/internal/onlyOnce.js:12:16
    at WriteStream.<anonymous> (/usr/local/lib/node_modules/pm2/lib/Utility.js:186:13)
ReferenceError: wapp is not defined
    at Object.<anonymous> (/root/apps/Xreacher/backend-api/index.js:36:1)
    at Module._compile (node:internal/modules/cjs/loader:1376:14)
    at Module._extensions..js (node:internal/modules/cjs/loader:1435:10)
    at Module.load (node:internal/modules/cjs/loader:1207:32)
    at Module._load (node:internal/modules/cjs/loader:1023:12)
    at /usr/local/lib/node_modules/pm2/lib/ProcessContainer.js:304:25
    at wrapper (/usr/local/lib/node_modules/pm2/node_modules/async/internal/once.js:12:16)
    at next (/usr/local/lib/node_modules/pm2/node_modules/async/waterfall.js:96:20)
    at /usr/local/lib/node_modules/pm2/node_modules/async/internal/onlyOnce.js:12:16
    at WriteStream.<anonymous> (/usr/local/lib/node_modules/pm2/lib/Utility.js:186:13)
ReferenceError: wapp is not defined
    at Object.<anonymous> (/root/apps/Xreacher/backend-api/index.js:36:1)
    at Module._compile (node:internal/modules/cjs/loader:1376:14)
    at Module._extensions..js (node:internal/modules/cjs/loader:1435:10)
    at Module.load (node:internal/modules/cjs/loader:1207:32)
    at Module._load (node:internal/modules/cjs/loader:1023:12)
    at /usr/local/lib/node_modules/pm2/lib/ProcessContainer.js:304:25
    at wrapper (/usr/local/lib/node_modules/pm2/node_modules/async/internal/once.js:12:16)
    at next (/usr/local/lib/node_modules/pm2/node_modules/async/waterfall.js:96:20)
    at /usr/local/lib/node_modules/pm2/node_modules/async/internal/onlyOnce.js:12:16
    at WriteStream.<anonymous> (/usr/local/lib/node_modules/pm2/lib/Utility.js:186:13)
ReferenceError: wapp is not defined
    at Object.<anonymous> (/root/apps/Xreacher/backend-api/index.js:36:1)
    at Module._compile (node:internal/modules/cjs/loader:1376:14)
    at Module._extensions..js (node:internal/modules/cjs/loader:1435:10)
    at Module.load (node:internal/modules/cjs/loader:1207:32)
    at Module._load (node:internal/modules/cjs/loader:1023:12)
    at /usr/local/lib/node_modules/pm2/lib/ProcessContainer.js:304:25
    at wrapper (/usr/local/lib/node_modules/pm2/node_modules/async/internal/once.js:12:16)
    at next (/usr/local/lib/node_modules/pm2/node_modules/async/waterfall.js:96:20)
    at /usr/local/lib/node_modules/pm2/node_modules/async/internal/onlyOnce.js:12:16
    at WriteStream.<anonymous> (/usr/local/lib/node_modules/pm2/lib/Utility.js:186:13)
ReferenceError: wapp is not defined
    at Object.<anonymous> (/root/apps/Xreacher/backend-api/index.js:36:1)
    at Module._compile (node:internal/modules/cjs/loader:1376:14)
    at Module._extensions..js (node:internal/modules/cjs/loader:1435:10)
    at Module.load (node:internal/modules/cjs/loader:1207:32)
    at Module._load (node:internal/modules/cjs/loader:1023:12)
    at Object.<anonymous> (/usr/local/lib/node_modules/pm2/lib/ProcessContainerFork.js:33:23)
    at Module._compile (node:internal/modules/cjs/loader:1376:14)
    at Module._extensions..js (node:internal/modules/cjs/loader:1435:10)
    at Module.load (node:internal/modules/cjs/loader:1207:32)
    at Module._load (node:internal/modules/cjs/loader:1023:12)
SyntaxError: Error parsing /root/apps/Xreacher/backend-api/package.json: Expected property name or '}' in JSON at position 118
    at parse (<anonymous>)
    at read (node:internal/modules/package_json_reader:80:16)
    at readPackage (node:internal/modules/package_json_reader:141:10)
    at Object.readPackageScope (node:internal/modules/package_json_reader:164:19)
    at Module._extensions..js (node:internal/modules/cjs/loader:1400:35)
    at Module.load (node:internal/modules/cjs/loader:1207:32)
    at Module._load (node:internal/modules/cjs/loader:1023:12)
    at Object.<anonymous> (/usr/local/lib/node_modules/pm2/lib/ProcessContainerFork.js:33:23)
    at Module._compile (node:internal/modules/cjs/loader:1376:14)
    at Module._extensions..js (node:internal/modules/cjs/loader:1435:10) {
  path: '/root/apps/Xreacher/backend-api/package.json'
}
SyntaxError: Error parsing /root/apps/Xreacher/backend-api/package.json: Expected property name or '}' in JSON at position 118
    at parse (<anonymous>)
    at read (node:internal/modules/package_json_reader:80:16)
    at readPackage (node:internal/modules/package_json_reader:141:10)
    at Object.readPackageScope (node:internal/modules/package_json_reader:164:19)
    at Module._extensions..js (node:internal/modules/cjs/loader:1400:35)
    at Module.load (node:internal/modules/cjs/loader:1207:32)
    at Module._load (node:internal/modules/cjs/loader:1023:12)
    at Object.<anonymous> (/usr/local/lib/node_modules/pm2/lib/ProcessContainerFork.js:33:23)
    at Module._compile (node:internal/modules/cjs/loader:1376:14)
    at Module._extensions..js (node:internal/modules/cjs/loader:1435:10) {
  path: '/root/apps/Xreacher/backend-api/package.json'
}
