ReferenceError: wapp is not defined
    at Object.<anonymous> (/root/apps/Xreacher/backend-api/index.js:36:1)
    at Module._compile (node:internal/modules/cjs/loader:1376:14)
    at Module._extensions..js (node:internal/modules/cjs/loader:1435:10)
    at Module.load (node:internal/modules/cjs/loader:1207:32)
    at Module._load (node:internal/modules/cjs/loader:1023:12)
    at /usr/local/lib/node_modules/pm2/lib/ProcessContainer.js:304:25
    at wrapper (/usr/local/lib/node_modules/pm2/node_modules/async/internal/once.js:12:16)
    at next (/usr/local/lib/node_modules/pm2/node_modules/async/waterfall.js:96:20)
    at /usr/local/lib/node_modules/pm2/node_modules/async/internal/onlyOnce.js:12:16
    at WriteStream.<anonymous> (/usr/local/lib/node_modules/pm2/lib/Utility.js:186:13)
ReferenceError: wapp is not defined
    at Object.<anonymous> (/root/apps/Xreacher/backend-api/index.js:36:1)
    at Module._compile (node:internal/modules/cjs/loader:1376:14)
    at Module._extensions..js (node:internal/modules/cjs/loader:1435:10)
    at Module.load (node:internal/modules/cjs/loader:1207:32)
    at Module._load (node:internal/modules/cjs/loader:1023:12)
    at /usr/local/lib/node_modules/pm2/lib/ProcessContainer.js:304:25
    at wrapper (/usr/local/lib/node_modules/pm2/node_modules/async/internal/once.js:12:16)
    at next (/usr/local/lib/node_modules/pm2/node_modules/async/waterfall.js:96:20)
    at /usr/local/lib/node_modules/pm2/node_modules/async/internal/onlyOnce.js:12:16
    at WriteStream.<anonymous> (/usr/local/lib/node_modules/pm2/lib/Utility.js:186:13)
ReferenceError: wapp is not defined
    at Object.<anonymous> (/root/apps/Xreacher/backend-api/index.js:36:1)
    at Module._compile (node:internal/modules/cjs/loader:1376:14)
    at Module._extensions..js (node:internal/modules/cjs/loader:1435:10)
    at Module.load (node:internal/modules/cjs/loader:1207:32)
    at Module._load (node:internal/modules/cjs/loader:1023:12)
    at /usr/local/lib/node_modules/pm2/lib/ProcessContainer.js:304:25
    at wrapper (/usr/local/lib/node_modules/pm2/node_modules/async/internal/once.js:12:16)
    at next (/usr/local/lib/node_modules/pm2/node_modules/async/waterfall.js:96:20)
    at /usr/local/lib/node_modules/pm2/node_modules/async/internal/onlyOnce.js:12:16
    at WriteStream.<anonymous> (/usr/local/lib/node_modules/pm2/lib/Utility.js:186:13)
ReferenceError: wapp is not defined
    at Object.<anonymous> (/root/apps/Xreacher/backend-api/index.js:36:1)
    at Module._compile (node:internal/modules/cjs/loader:1376:14)
    at Module._extensions..js (node:internal/modules/cjs/loader:1435:10)
    at Module.load (node:internal/modules/cjs/loader:1207:32)
    at Module._load (node:internal/modules/cjs/loader:1023:12)
    at /usr/local/lib/node_modules/pm2/lib/ProcessContainer.js:304:25
    at wrapper (/usr/local/lib/node_modules/pm2/node_modules/async/internal/once.js:12:16)
    at next (/usr/local/lib/node_modules/pm2/node_modules/async/waterfall.js:96:20)
    at /usr/local/lib/node_modules/pm2/node_modules/async/internal/onlyOnce.js:12:16
    at WriteStream.<anonymous> (/usr/local/lib/node_modules/pm2/lib/Utility.js:186:13)
ReferenceError: wapp is not defined
    at Object.<anonymous> (/root/apps/Xreacher/backend-api/index.js:36:1)
    at Module._compile (node:internal/modules/cjs/loader:1376:14)
    at Module._extensions..js (node:internal/modules/cjs/loader:1435:10)
    at Module.load (node:internal/modules/cjs/loader:1207:32)
    at Module._load (node:internal/modules/cjs/loader:1023:12)
    at /usr/local/lib/node_modules/pm2/lib/ProcessContainer.js:304:25
    at wrapper (/usr/local/lib/node_modules/pm2/node_modules/async/internal/once.js:12:16)
    at next (/usr/local/lib/node_modules/pm2/node_modules/async/waterfall.js:96:20)
    at /usr/local/lib/node_modules/pm2/node_modules/async/internal/onlyOnce.js:12:16
    at WriteStream.<anonymous> (/usr/local/lib/node_modules/pm2/lib/Utility.js:186:13)
ReferenceError: wapp is not defined
    at Object.<anonymous> (/root/apps/Xreacher/backend-api/index.js:36:1)
    at Module._compile (node:internal/modules/cjs/loader:1376:14)
    at Module._extensions..js (node:internal/modules/cjs/loader:1435:10)
    at Module.load (node:internal/modules/cjs/loader:1207:32)
    at Module._load (node:internal/modules/cjs/loader:1023:12)
    at /usr/local/lib/node_modules/pm2/lib/ProcessContainer.js:304:25
    at wrapper (/usr/local/lib/node_modules/pm2/node_modules/async/internal/once.js:12:16)
    at next (/usr/local/lib/node_modules/pm2/node_modules/async/waterfall.js:96:20)
    at /usr/local/lib/node_modules/pm2/node_modules/async/internal/onlyOnce.js:12:16
    at WriteStream.<anonymous> (/usr/local/lib/node_modules/pm2/lib/Utility.js:186:13)
ReferenceError: wapp is not defined
    at Object.<anonymous> (/root/apps/Xreacher/backend-api/index.js:36:1)
    at Module._compile (node:internal/modules/cjs/loader:1376:14)
    at Module._extensions..js (node:internal/modules/cjs/loader:1435:10)
    at Module.load (node:internal/modules/cjs/loader:1207:32)
    at Module._load (node:internal/modules/cjs/loader:1023:12)
    at /usr/local/lib/node_modules/pm2/lib/ProcessContainer.js:304:25
    at wrapper (/usr/local/lib/node_modules/pm2/node_modules/async/internal/once.js:12:16)
    at next (/usr/local/lib/node_modules/pm2/node_modules/async/waterfall.js:96:20)
    at /usr/local/lib/node_modules/pm2/node_modules/async/internal/onlyOnce.js:12:16
    at WriteStream.<anonymous> (/usr/local/lib/node_modules/pm2/lib/Utility.js:186:13)
ReferenceError: wapp is not defined
    at Object.<anonymous> (/root/apps/Xreacher/backend-api/index.js:36:1)
    at Module._compile (node:internal/modules/cjs/loader:1376:14)
    at Module._extensions..js (node:internal/modules/cjs/loader:1435:10)
    at Module.load (node:internal/modules/cjs/loader:1207:32)
    at Module._load (node:internal/modules/cjs/loader:1023:12)
    at /usr/local/lib/node_modules/pm2/lib/ProcessContainer.js:304:25
    at wrapper (/usr/local/lib/node_modules/pm2/node_modules/async/internal/once.js:12:16)
    at next (/usr/local/lib/node_modules/pm2/node_modules/async/waterfall.js:96:20)
    at /usr/local/lib/node_modules/pm2/node_modules/async/internal/onlyOnce.js:12:16
    at WriteStream.<anonymous> (/usr/local/lib/node_modules/pm2/lib/Utility.js:186:13)
ReferenceError: wapp is not defined
    at Object.<anonymous> (/root/apps/Xreacher/backend-api/index.js:36:1)
    at Module._compile (node:internal/modules/cjs/loader:1376:14)
    at Module._extensions..js (node:internal/modules/cjs/loader:1435:10)
    at Module.load (node:internal/modules/cjs/loader:1207:32)
    at Module._load (node:internal/modules/cjs/loader:1023:12)
    at /usr/local/lib/node_modules/pm2/lib/ProcessContainer.js:304:25
    at wrapper (/usr/local/lib/node_modules/pm2/node_modules/async/internal/once.js:12:16)
    at next (/usr/local/lib/node_modules/pm2/node_modules/async/waterfall.js:96:20)
    at /usr/local/lib/node_modules/pm2/node_modules/async/internal/onlyOnce.js:12:16
    at WriteStream.<anonymous> (/usr/local/lib/node_modules/pm2/lib/Utility.js:186:13)
ReferenceError: wapp is not defined
    at Object.<anonymous> (/root/apps/Xreacher/backend-api/index.js:36:1)
    at Module._compile (node:internal/modules/cjs/loader:1376:14)
    at Module._extensions..js (node:internal/modules/cjs/loader:1435:10)
    at Module.load (node:internal/modules/cjs/loader:1207:32)
    at Module._load (node:internal/modules/cjs/loader:1023:12)
    at /usr/local/lib/node_modules/pm2/lib/ProcessContainer.js:304:25
    at wrapper (/usr/local/lib/node_modules/pm2/node_modules/async/internal/once.js:12:16)
    at next (/usr/local/lib/node_modules/pm2/node_modules/async/waterfall.js:96:20)
    at /usr/local/lib/node_modules/pm2/node_modules/async/internal/onlyOnce.js:12:16
    at WriteStream.<anonymous> (/usr/local/lib/node_modules/pm2/lib/Utility.js:186:13)
we are up and running
Server is running on PORT: 4020
we are up and running
Server is running on PORT: 4020
