TypeError: Cannot read properties of undefined (reading 'length')
    at pickRandomString (/root/apps/Xreacher/backend-api/lib/index.js:8:58)
    at sendDMs (/root/apps/Xreacher/backend-api/lib/index.js:60:26)
    at /root/apps/Xreacher/backend-api/index.js:180:13
    at process.processTicksAndRejections (node:internal/process/task_queues:95:5)
TypeError: Cannot read properties of undefined (reading 'length')
    at pickRandomString (/root/apps/Xreacher/backend-api/lib/index.js:8:58)
    at sendDMs (/root/apps/Xreacher/backend-api/lib/index.js:60:26)
    at /root/apps/Xreacher/backend-api/index.js:180:13
    at process.processTicksAndRejections (node:internal/process/task_queues:95:5)
TypeError: Cannot read properties of undefined (reading 'length')
    at pickRandomString (/root/apps/Xreacher/backend-api/lib/index.js:8:58)
    at sendDMs (/root/apps/Xreacher/backend-api/lib/index.js:60:26)
    at /root/apps/Xreacher/backend-api/index.js:180:13
    at process.processTicksAndRejections (node:internal/process/task_queues:95:5)
TypeError: Cannot read properties of undefined (reading 'users')
    at /root/apps/Xreacher/backend-api/index.js:147:48
    at process.processTicksAndRejections (node:internal/process/task_queues:95:5)
TypeError: Cannot read properties of undefined (reading 'length')
    at pickRandomString (/root/apps/Xreacher/backend-api/lib/index.js:8:58)
    at sendDMs (/root/apps/Xreacher/backend-api/lib/index.js:60:26)
    at /root/apps/Xreacher/backend-api/index.js:180:13
    at process.processTicksAndRejections (node:internal/process/task_queues:95:5)
TypeError: Cannot read properties of undefined (reading 'length')
    at pickRandomString (/root/apps/Xreacher/backend-api/lib/index.js:8:58)
    at sendDMs (/root/apps/Xreacher/backend-api/lib/index.js:60:26)
    at /root/apps/Xreacher/backend-api/index.js:180:13
    at process.processTicksAndRejections (node:internal/process/task_queues:95:5)
